
Sun, 01 May 2016 22:39:19 +0000
Error: could not find driver
File:C:\openserver\domains\php.ru\Db\Db.php
Line:35

Sun, 01 May 2016 22:40:08 +0000
Error: could not find driver
File:C:\openserver\domains\php.ru\Db\Db.php
Line:35

Sun, 01 May 2016 22:41:11 +0000
Error: could not find driver
File:C:\openserver\domains\php.ru\Db\Db.php
Line:35

Error: could not find driver
File:C:\openserver\domains\php.ru\Db\Db.php
Line:35

Error: could not find driver
File:C:\openserver\domains\php.ru\Db\Db.php
Line:35

Error: could not find driver
File:C:\openserver\domains\php.ru\Db\Db.php
Line:35

Sun, 01 May 2016 22:43:05 +0000
Error: could not find driver
File:C:\openserver\domains\php.ru\Db\Db.php
Line:35

Mon, 02 May 2016 11:21:16 +0000
Error: could not find driver
File:C:\openserver\domains\php.ru\Db\Db.php
Line:35

Mon, 02 May 2016 11:21:23 +0000
Error: could not find driver
File:C:\openserver\domains\php.ru\Db\Db.php
Line:35

Error: could not find driver
File:C:\openserver\domains\php.ru\Db\Db.php
Line:35

Error: could not find driver
File:C:\openserver\domains\php.ru\Db\Db.php
Line:31

Error: could not find driver
File:C:\openserver\domains\php.ru\Db\Db.php
Line:36

Mon, 02 May 2016 11:33:36 +0000
Error: could not find driver
File:C:\openserver\domains\php.ru\Db\Db.php
Line:36
